<?xml version="1.0" encoding="UTF-8"?>
<testng-results ignored="0" total="2" passed="2" failed="0" skipped="0">
  <reporter-output>
  </reporter-output>
  <suite started-at="2025-08-27T09:11:36 IST" name="Default suite" finished-at="2025-08-27T09:11:47 IST" duration-ms="10642">
    <groups>
    </groups>
    <test started-at="2025-08-27T09:11:36 IST" name="Default test" finished-at="2025-08-27T09:11:47 IST" duration-ms="10642">
      <class name="testscript.LoginTest">
        <test-method is-config="true" signature="browserinitializer()[pri:0, instance:testscript.LoginTest@4c583ecf]" started-at="2025-08-27T09:11:36 IST" name="browserinitializer" finished-at="2025-08-27T09:11:40 IST" duration-ms="3630" status="PASS">
          <reporter-output>
          </reporter-output>
        </test-method> <!-- browserinitializer -->
        <test-method signature="verifyWhetherUserisLoggedInWithInvalidCredentials()[pri:0, instance:testscript.LoginTest@4c583ecf]" started-at="2025-08-27T09:11:40 IST" name="verifyWhetherUserisLoggedInWithInvalidCredentials" finished-at="2025-08-27T09:11:41 IST" duration-ms="919" status="PASS">
          <reporter-output>
          </reporter-output>
        </test-method> <!-- verifyWhetherUserisLoggedInWithInvalidCredentials -->
        <test-method is-config="true" signature="quitandclose()[pri:0, instance:testscript.LoginTest@4c583ecf]" started-at="2025-08-27T09:11:41 IST" name="quitandclose" finished-at="2025-08-27T09:11:41 IST" duration-ms="174" status="PASS">
          <reporter-output>
          </reporter-output>
        </test-method> <!-- quitandclose -->
        <test-method is-config="true" signature="browserinitializer()[pri:0, instance:testscript.LoginTest@4c583ecf]" started-at="2025-08-27T09:11:41 IST" name="browserinitializer" finished-at="2025-08-27T09:11:42 IST" duration-ms="1533" status="PASS">
          <reporter-output>
          </reporter-output>
        </test-method> <!-- browserinitializer -->
        <test-method signature="verifyWhetherUserisLoggedInWithValidCredentials()[pri:0, instance:testscript.LoginTest@4c583ecf]" started-at="2025-08-27T09:11:42 IST" name="verifyWhetherUserisLoggedInWithValidCredentials" finished-at="2025-08-27T09:11:46 IST" duration-ms="4186" status="PASS">
          <reporter-output>
          </reporter-output>
        </test-method> <!-- verifyWhetherUserisLoggedInWithValidCredentials -->
        <test-method is-config="true" signature="quitandclose()[pri:0, instance:testscript.LoginTest@4c583ecf]" started-at="2025-08-27T09:11:46 IST" name="quitandclose" finished-at="2025-08-27T09:11:47 IST" duration-ms="155" status="PASS">
          <reporter-output>
          </reporter-output>
        </test-method> <!-- quitandclose -->
      </class> <!-- testscript.LoginTest -->
    </test> <!-- Default test -->
  </suite> <!-- Default suite -->
</testng-results>
