<?xml version="1.0" encoding="UTF-8"?>
<!-- Generated by org.testng.reporters.JUnitXMLReporter -->
<testsuite ignored="0" hostname="LAPTOP-CH4OCH9Q" failures="0" tests="2" name="Default test" time="10.642" errors="0" timestamp="2025-08-27T09:11:47 IST">
  <testcase classname="testscript.LoginTest" name="verifyWhetherUserisLoggedInWithInvalidCredentials" time="0.919"/>
  <testcase classname="testscript.LoginTest" name="verifyWhetherUserisLoggedInWithValidCredentials" time="4.186"/>
</testsuite> <!-- Default test -->
